2017-11-07 20:00:01"controller:index    action:index"
2017-11-07 20:00:30"controller:index    action:index"
2017-11-07 20:00:43"controller:index    action:index"
2017-11-07 20:00:49"controller:index    action:indexs"
2017-11-07 20:01:01"controller:index    action:indexs"
2017-11-07 20:02:13"controller:index    action:index"
2017-11-07 20:04:57"controller:index    action:index"
2017-11-07 20:05:21"controller:index    action:index"
2017-11-07 20:05:59"controller:index    action:index"
2017-11-07 20:06:01"controller:index    action:index"
2017-11-07 20:06:32"controller:index    action:index"
2017-11-07 20:06:41"controller:index    action:index"
2017-11-07 20:06:44"controller:index    action:index"
2017-11-07 20:06:44"controller:index    action:add"
2017-11-07 20:06:45"controller:index    action:index"
2017-11-07 20:06:45"controller:index    action:index"
2017-11-07 20:06:46"controller:index    action:index"
2017-11-07 20:06:46"controller:index    action:index"
2017-11-07 20:06:46"controller:index    action:index"
2017-11-07 20:06:47"controller:index    action:index"
2017-11-07 20:06:47"controller:index    action:index"
2017-11-07 20:06:47"controller:index    action:index"
2017-11-07 20:06:47"controller:index    action:index"
2017-11-07 20:06:47"controller:index    action:index"
2017-11-07 20:06:47"controller:index    action:index"
2017-11-07 20:06:48"controller:index    action:index"
2017-11-07 20:06:48"controller:index    action:index"
2017-11-07 20:06:49"controller:index    action:add"
2017-11-07 20:06:49"controller:index    action:index"
2017-11-07 20:06:49"controller:index    action:add"
2017-11-07 20:06:50"controller:index    action:index"
2017-11-07 20:06:50"controller:index    action:add"
2017-11-07 20:06:52"controller:index    action:index"
2017-11-07 20:06:53"controller:index    action:index"
2017-11-07 20:07:12"controller:index    action:index"
2017-11-07 20:07:14"controller:index    action:index"
2017-11-07 20:07:14"controller:index    action:add"
2017-11-07 20:07:15"controller:index    action:add"
2017-11-07 20:07:15"controller:index    action:add"
2017-11-07 20:07:15"controller:index    action:add"
2017-11-07 20:07:15"controller:index    action:add"
2017-11-07 20:07:16"controller:index    action:index"
2017-11-07 20:07:16"controller:index    action:add"
2017-11-07 20:08:00"controller:index    action:add"
2017-11-07 20:08:06"controller:index    action:add"
2017-11-07 20:08:06"controller:index    action:index"
2017-11-07 20:08:08"controller:index    action:add"
2017-11-07 20:08:08"controller:index    action:index"
2017-11-07 20:08:16"controller:index    action:index"
2017-11-07 20:08:17"controller:index    action:add"
2017-11-07 20:08:17"controller:index    action:index"
2017-11-07 20:08:19"controller:index    action:add"
2017-11-07 20:08:20"controller:index    action:index"
2017-11-07 20:08:20"controller:index    action:add"
2017-11-07 20:08:21"controller:index    action:index"
2017-11-07 20:08:22"controller:index    action:add"
2017-11-07 20:08:22"controller:index    action:index"
2017-11-07 20:08:23"controller:index    action:add"
2017-11-07 20:08:23"controller:index    action:index"
2017-11-07 20:09:28"controller:index    action:index"
2017-11-07 20:09:29"controller:index    action:add"
2017-11-07 20:09:30"controller:index    action:index"
2017-11-07 20:09:30"controller:index    action:add"
2017-11-07 20:09:31"controller:index    action:index"
2017-11-07 20:09:31"controller:index    action:add"
2017-11-07 20:09:32"controller:index    action:index"
2017-11-07 20:25:06"controller:index    action:index"
2017-11-07 20:25:07"controller:index    action:add"
2017-11-07 20:25:17"controller:index    action:save"
2017-11-07 20:25:37"controller:index    action:save"
2017-11-07 20:33:41"controller:index    action:index"
2017-11-07 20:33:45"controller:index    action:add"
2017-11-07 20:33:48"controller:index    action:save"
2017-11-07 20:34:10"controller:index    action:save"
2017-11-07 20:34:27"controller:index    action:save"
2017-11-07 20:35:50"controller:index    action:save"
2017-11-07 20:36:45"controller:index    action:add"
2017-11-07 20:36:58"controller:index    action:save"
2017-11-07 20:38:41"controller:index    action:index"
2017-11-07 20:40:19"controller:index    action:index"
2017-11-07 20:40:20"controller:index    action:add"
2017-11-07 20:40:23"controller:index    action:index"
2017-11-07 20:40:58"controller:index    action:add"
2017-11-07 20:41:01"controller:index    action:index"
2017-11-07 20:41:19"controller:index    action:index"
2017-11-07 20:41:20"controller:index    action:add"
2017-11-07 20:41:23"controller:index    action:index"
2017-11-07 20:41:45"controller:index    action:add"
2017-11-07 20:41:46"controller:index    action:index"
2017-11-07 20:41:47"controller:index    action:add"
2017-11-07 20:41:49"controller:index    action:index"
2017-11-07 20:41:58"controller:index    action:add"
2017-11-07 20:42:00"controller:index    action:index"
2017-11-07 20:42:22"controller:index    action:index"
2017-11-07 20:42:22"controller:index    action:add"
2017-11-07 20:42:25"controller:index    action:index"
2017-11-07 20:50:35"controller:index    action:index"
2017-11-07 20:52:22"controller:index    action:index"
2017-11-07 20:54:14"controller:index    action:index"
2017-11-07 20:54:18"controller:index    action:index"
2017-11-07 20:54:45"controller:index    action:index"
2017-11-07 20:56:30"controller:index    action:index"
2017-11-07 20:57:49"controller:index    action:index"
2017-11-07 20:58:48"controller:index    action:index"
2017-11-07 20:59:44"controller:index    action:del"
2017-11-07 20:59:48"controller:index    action:del"
